[17:03:35] [ServerMain/INFO]: [bootstrap] Running Java 21 (OpenJDK 64-Bit Server VM 21.0.5+11-Ubuntu-1ubuntu120.04; Ubuntu null) on Linux 6.5.0-1025-azure (amd64)
[17:03:35] [ServerMain/INFO]: [bootstrap] Loading Paper 1.21-130-master@b1b5d4c (2024-08-10T10:02:42Z) for Minecraft 1.21
[17:03:35] [ServerMain/INFO]: [PluginInitializerManager] Initializing plugins...
[17:03:38] [ServerMain/INFO]: [PluginInitializerManager] Initialized 9 plugins
[17:03:38] [ServerMain/INFO]: [PluginInitializerManager] Bukkit plugins (9):
 - AnimatedScoreboard (0.3.5), Essentials (2.21.0-dev+164-1a4d75c), EssentialsChat (2.21.0-dev+164-1a4d75c), LuckPerms (5.4.153), Palolol (1.0-SNAPSHOT), PlaceholderAPI (2.11.6), Vault (1.7.3-b131), ViaBackwards (5.2.2-SNAPSHOT), ViaVersion (5.2.1)
[17:03:49] [ServerMain/INFO]: Environment: Environment[sessionHost=https://sessionserver.mojang.com, servicesHost=https://api.minecraftservices.com, name=PROD]
[17:03:54] [ServerMain/INFO]: Loaded 1290 recipes
[17:03:54] [ServerMain/INFO]: Loaded 1399 advancements
[17:03:55] [Server thread/INFO]: Starting minecraft server version 1.21
[17:03:55] [Server thread/INFO]: Loading properties
[17:03:55] [Server thread/INFO]: This server is running Paper version 1.21-130-master@b1b5d4c (2024-08-10T10:02:42Z) (Implementing API version 1.21-R0.1-SNAPSHOT)
[17:03:57] [Server thread/INFO]: [spark] This server bundles the spark profiler. For more information please visit https://docs.papermc.io/paper/profiling
[17:03:57] [Server thread/INFO]: Server Ping Player Sample Count: 12
[17:03:57] [Server thread/INFO]: Using 4 threads for Netty based IO
[17:03:59] [Server thread/INFO]: [ChunkTaskScheduler] Chunk system is using 1 I/O threads, 1 worker threads, and population gen parallelism of 1 threads
[17:04:00] [Server thread/INFO]: Default game type: SURVIVAL
[17:04:00] [Server thread/INFO]: Generating keypair
[17:04:00] [Server thread/INFO]: Starting Minecraft server on *:25565
[17:04:00] [Server thread/INFO]: Using epoll channel type
[17:04:00] [Server thread/INFO]: Paper: Using libdeflate (Linux x86_64) compression from Velocity.
[17:04:00] [Server thread/INFO]: Paper: Using OpenSSL 1.1.x (Linux x86_64) cipher from Velocity.
[17:04:04] [Server thread/INFO]: [ViaVersion] Loading server plugin ViaVersion v5.2.1
[17:04:04] [Server thread/INFO]: [ViaVersion] ViaVersion 5.2.1 is now loaded. Registering protocol transformers and injecting...
[17:04:09] [Via-Mappingloader-0/INFO]: [ViaVersion] Loading block connection mappings ...
[17:04:10] [Via-Mappingloader-0/INFO]: [ViaVersion] Using FastUtil Long2ObjectOpenHashMap for block connections
[17:04:13] [Server thread/INFO]: [ViaBackwards] Loading translations...
[17:04:13] [Server thread/INFO]: [ViaBackwards] Registering protocols...
[17:04:13] [Server thread/ERROR]: [ViaVersion] Error initializing plugin 'ViaVersion-5.2.1.jar' in folder 'plugins' (Is it up to date?)
java.lang.NoClassDefFoundError: com/viaversion/viaversion/rewriter/text/JsonNBTComponentRewriter
	at java.base/java.lang.ClassLoader.defineClass1(Native Method) ~[?:?]
	at java.base/java.lang.ClassLoader.defineClass(ClassLoader.java:1027) ~[?:?]
	at java.base/java.security.SecureClassLoader.defineClass(SecureClassLoader.java:150) ~[?:?]
	at org.bukkit.plugin.java.PluginClassLoader.findClass(PluginClassLoader.java:243) ~[paper-api-1.21-R0.1-SNAPSHOT.jar:?]
	at java.base/java.lang.ClassLoader.loadClass(ClassLoader.java:593) ~[?:?]
	at org.bukkit.plugin.java.PluginClassLoader.loadClass0(PluginClassLoader.java:169) ~[paper-api-1.21-R0.1-SNAPSHOT.jar:?]
	at org.bukkit.plugin.java.PluginClassLoader.loadClass(PluginClassLoader.java:164) ~[paper-api-1.21-R0.1-SNAPSHOT.jar:?]
	at java.base/java.lang.ClassLoader.loadClass(ClassLoader.java:526) ~[?:?]
	at ViaBackwards-5.2.2-SNAPSHOT.jar/com.viaversion.viabackwards.protocol.v1_9_1to1_9.Protocol1_9_1To1_9.registerPackets(Protocol1_9_1To1_9.java:66) ~[ViaBackwards-5.2.2-SNAPSHOT.jar:?]
	at ViaVersion-5.2.1.jar/com.viaversion.viaversion.api.protocol.AbstractProtocol.initialize(AbstractProtocol.java:106) ~[ViaVersion-5.2.1.jar:?]
	at ViaVersion-5.2.1.jar/com.viaversion.viaversion.protocol.ProtocolManagerImpl.registerProtocol(ProtocolManagerImpl.java:209) ~[ViaVersion-5.2.1.jar:?]
	at ViaVersion-5.2.1.jar/com.viaversion.viaversion.protocol.ProtocolManagerImpl.registerProtocol(ProtocolManagerImpl.java:203) ~[ViaVersion-5.2.1.jar:?]
	at ViaBackwards-5.2.2-SNAPSHOT.jar/com.viaversion.viabackwards.api.ViaBackwardsPlatform.init(ViaBackwardsPlatform.java:99) ~[ViaBackwards-5.2.2-SNAPSHOT.jar:?]
	at ViaBackwards-5.2.2-SNAPSHOT.jar/com.viaversion.viabackwards.BukkitPlugin.lambda$new$0(BukkitPlugin.java:38) ~[ViaBackwards-5.2.2-SNAPSHOT.jar:?]
	at ViaVersion-5.2.1.jar/com.viaversion.viaversion.ViaManagerImpl.init(ViaManagerImpl.java:115) ~[ViaVersion-5.2.1.jar:?]
	at ViaVersion-5.2.1.jar/com.viaversion.viaversion.ViaVersionPlugin.onLoad(ViaVersionPlugin.java:88) ~[ViaVersion-5.2.1.jar:?]
	at io.papermc.paper.plugin.storage.ServerPluginProviderStorage.processProvided(ServerPluginProviderStorage.java:59) ~[paper-1.21.jar:1.21-130-b1b5d4c]
	at io.papermc.paper.plugin.storage.ServerPluginProviderStorage.processProvided(ServerPluginProviderStorage.java:18) ~[paper-1.21.jar:1.21-130-b1b5d4c]
	at io.papermc.paper.plugin.storage.SimpleProviderStorage.enter(SimpleProviderStorage.java:39) ~[paper-1.21.jar:1.21-130-b1b5d4c]
	at io.papermc.paper.plugin.entrypoint.LaunchEntryPointHandler.enter(LaunchEntryPointHandler.java:40) ~[paper-1.21.jar:1.21-130-b1b5d4c]
	at org.bukkit.craftbukkit.CraftServer.loadPlugins(CraftServer.java:546) ~[paper-1.21.jar:1.21-130-b1b5d4c]
	at net.minecraft.server.dedicated.DedicatedServer.initServer(DedicatedServer.java:292) ~[paper-1.21.jar:1.21-130-b1b5d4c]
	at net.minecraft.server.MinecraftServer.runServer(MinecraftServer.java:1215) ~[paper-1.21.jar:1.21-130-b1b5d4c]
	at net.minecraft.server.MinecraftServer.lambda$spin$0(MinecraftServer.java:330) ~[paper-1.21.jar:1.21-130-b1b5d4c]
	at java.base/java.lang.Thread.run(Thread.java:1583) ~[?:?]
Caused by: java.lang.ClassNotFoundException: com.viaversion.viaversion.rewriter.text.JsonNBTComponentRewriter
	at org.bukkit.plugin.java.PluginClassLoader.loadClass0(PluginClassLoader.java:197) ~[paper-api-1.21-R0.1-SNAPSHOT.jar:?]
	at org.bukkit.plugin.java.PluginClassLoader.loadClass(PluginClassLoader.java:164) ~[paper-api-1.21-R0.1-SNAPSHOT.jar:?]
	at java.base/java.lang.ClassLoader.loadClass(ClassLoader.java:526) ~[?:?]
	... 25 more
[17:04:13] [Server thread/INFO]: [LuckPerms] Loading server plugin LuckPerms v5.4.153
[17:04:14] [Server thread/INFO]: [Vault] Loading server plugin Vault v1.7.3-b131
[17:04:14] [Server thread/INFO]: [Essentials] Loading server plugin Essentials v2.21.0-dev+164-1a4d75c
[17:04:14] [Server thread/INFO]: [PlaceholderAPI] Loading server plugin PlaceholderAPI v2.11.6
[17:04:14] [Server thread/INFO]: [ViaBackwards] Loading server plugin ViaBackwards v5.2.2-SNAPSHOT
[17:04:14] [Server thread/INFO]: [EssentialsChat] Loading server plugin EssentialsChat v2.21.0-dev+164-1a4d75c
[17:04:14] [Server thread/INFO]: [AnimatedScoreboard] Loading server plugin AnimatedScoreboard v0.3.5
[17:04:14] [Server thread/INFO]: [Palolol] Loading server plugin Palolol v1.0-SNAPSHOT
[17:04:14] [Server thread/INFO]: Server permissions file permissions.yml is empty, ignoring it
[17:04:14] [Server thread/INFO]: [LuckPerms] Enabling LuckPerms v5.4.153
[17:04:15] [Server thread/INFO]:         __    
[17:04:15] [Server thread/INFO]:   |    |__)   LuckPerms v5.4.153
[17:04:15] [Server thread/INFO]:   |___ |      Running on Bukkit - Paper
[17:04:15] [Server thread/INFO]: 
[17:04:15] [Server thread/INFO]: [LuckPerms] Loading configuration...
[17:04:16] [Server thread/INFO]: [LuckPerms] Loading storage provider... [H2]
[17:04:17] [Server thread/INFO]: [LuckPerms] Loading internal permission managers...
[17:04:17] [Server thread/INFO]: [LuckPerms] Performing initial data load...
[17:04:17] [Server thread/INFO]: [LuckPerms] Successfully enabled. (took 3124ms)
[17:04:17] [Server thread/INFO]: [Vault] Enabling Vault v1.7.3-b131
[17:04:18] [Server thread/INFO]: [Vault] [Economy] Essentials Economy found: Waiting
[17:04:18] [Server thread/INFO]: [Vault] [Permission] SuperPermissions loaded as backup permission system.
[17:04:18] [Server thread/INFO]: [Vault] Enabled Version 1.7.3-b131
[17:04:18] [Server thread/INFO]: [LuckPerms] Registered Vault permission & chat hook.
[17:04:18] [Server thread/WARN]: **** SERVER IS RUNNING IN OFFLINE/INSECURE MODE!
[17:04:18] [Server thread/WARN]: The server will make no attempt to authenticate usernames. Beware.
[17:04:18] [Server thread/WARN]: While this makes the game possible to play without internet access, it also opens up the ability for hackers to connect with any username they choose.
[17:04:18] [Server thread/WARN]: To change this, set "online-mode" to "true" in the server.properties file.
[17:04:18] [Server thread/INFO]: Preparing level "world"
[17:04:20] [Server thread/INFO]: Preparing start region for dimension minecraft:overworld
[17:04:25] [Server thread/INFO]: Time elapsed: 4906 ms
[17:04:25] [Server thread/INFO]: Preparing start region for dimension minecraft:the_nether
[17:04:25] [Server thread/INFO]: Time elapsed: 434 ms
[17:04:25] [Server thread/INFO]: Preparing start region for dimension minecraft:the_end
[17:04:26] [Server thread/INFO]: Time elapsed: 382 ms
[17:04:26] [Server thread/INFO]: [ViaVersion] Enabling ViaVersion v5.2.1
[17:04:26] [Server thread/INFO]: [ViaVersion] ViaVersion detected server version: 1.21-1.21.1 (767)
[17:04:26] [Server thread/INFO]: [Essentials] Enabling Essentials v2.21.0-dev+164-1a4d75c
[17:04:29] [Server thread/ERROR]: [Essentials] You are running an unsupported server version!
[17:04:30] [Server thread/INFO]: [Essentials] Attempting to convert old kits in config.yml to new kits.yml
[17:04:30] [Server thread/INFO]: [Essentials] No kits found to migrate.
[17:04:30] [Server thread/INFO]: [Essentials] Selected 1.14.4+ Persistent Data Container Provider as the provider for PersistentDataProvider
[17:04:30] [Server thread/INFO]: [Essentials] Selected Paper Known Commands Provider as the provider for KnownCommandsProvider
[17:04:30] [Server thread/INFO]: [Essentials] Selected Paper Server State Provider as the provider for ServerStateProvider
[17:04:30] [Server thread/INFO]: [Essentials] Selected Reflection Sync Commands Provider as the provider for SyncCommandsProvider
[17:04:30] [Server thread/INFO]: [Essentials] Selected 1.12.2+ Player Locale Provider as the provider for PlayerLocaleProvider
[17:04:30] [Server thread/INFO]: [Essentials] Selected Reflection Online Mode Provider as the provider for OnlineModeProvider
[17:04:30] [Server thread/INFO]: [Essentials] Selected Paper Serialization Provider as the provider for SerializationProvider
[17:04:30] [Server thread/INFO]: [Essentials] Selected Paper Container Provider as the provider for ContainerProvider
[17:04:30] [Server thread/INFO]: [Essentials] Selected 1.13+ Spawn Egg Provider as the provider for SpawnEggProvider
[17:04:30] [Server thread/INFO]: [Essentials] Selected 1.8.3+ Spawner Item Provider as the provider for SpawnerItemProvider
[17:04:30] [Server thread/INFO]: [Essentials] Selected 1.20.4+ Damage Event Provider as the provider for DamageEventProvider
[17:04:30] [Server thread/INFO]: [Essentials] Selected 1.14+ Sign Data Provider as the provider for SignDataProvider
[17:04:30] [Server thread/INFO]: [Essentials] Selected Paper Material Tag Provider as the provider for MaterialTagProvider
[17:04:30] [Server thread/INFO]: [Essentials] Selected Reflection Formatted Command Alias Provider as the provider for FormattedCommandAliasProvider
[17:04:30] [Server thread/INFO]: [Essentials] Selected 1.17.1+ World Info Provider as the provider for WorldInfoProvider
[17:04:30] [Server thread/INFO]: [Essentials] Selected 1.21+ InventoryView Interface ABI Provider as the provider for InventoryViewProvider
[17:04:30] [Server thread/INFO]: [Essentials] Selected 1.11+ Item Unbreakable Provider as the provider for ItemUnbreakableProvider
[17:04:30] [Server thread/INFO]: [Essentials] Selected 1.20.6+ Potion Meta Provider as the provider for PotionMetaProvider
[17:04:30] [Server thread/INFO]: [Essentials] Selected Paper Biome Key Provider as the provider for BiomeKeyProvider
[17:04:30] [Server thread/INFO]: [Essentials] Selected 1.20.5+ Banner Data Provider as the provider for BannerDataProvider
[17:04:30] [Server thread/INFO]: [Essentials] Selected Paper Tick Count Provider as the provider for TickCountProvider
[17:04:30] [Server thread/INFO]: [Essentials] Selected Reflection Spawner Block Provider as the provider for SpawnerBlockProvider
[17:04:31] [Server thread/INFO]: [Essentials] Loaded 43465 items from items.json.
[17:04:31] [Server thread/INFO]: [Essentials] Using locale en
[17:04:31] [Server thread/INFO]: [Essentials] ServerListPingEvent: Spigot iterator API
[17:04:32] [Server thread/INFO]: [Essentials] Starting Metrics. Opt-out using the global bStats config.
[17:04:32] [Server thread/INFO]: [Vault] [Economy] Essentials Economy hooked.
[17:04:32] [Server thread/INFO]: [Essentials] Using Vault based permissions (LuckPerms)
[17:04:32] [Server thread/INFO]: [PlaceholderAPI] Enabling PlaceholderAPI v2.11.6
[17:04:33] [Server thread/INFO]: [PlaceholderAPI] Fetching available expansion information...
[17:04:33] [Server thread/INFO]: [ViaBackwards] Enabling ViaBackwards v5.2.2-SNAPSHOT
[17:04:33] [Server thread/INFO]: [EssentialsChat] Enabling EssentialsChat v2.21.0-dev+164-1a4d75c
[17:04:33] [Server thread/INFO]: [EssentialsChat] Starting Metrics. Opt-out using the global bStats config.
[17:04:33] [Server thread/INFO]: [AnimatedScoreboard] Enabling AnimatedScoreboard v0.3.5
[17:04:34] [Server thread/INFO]: [PlaceholderAPI] Successfully registered internal expansion: animatedscoreboard [0.0.1]
[17:04:34] [Server thread/INFO]: [Palolol] Enabling Palolol v1.0-SNAPSHOT
[17:04:34] [Server thread/INFO]: [spark] Starting background profiler...
[17:04:35] [Server thread/INFO]: [PlaceholderAPI] Placeholder expansion registration initializing...
[17:04:35] [Server thread/INFO]: Done preparing level "world" (16.940s)
[17:04:35] [Server thread/INFO]: Running delayed init tasks
[17:04:35] [Server thread/INFO]: [Essentials] Essentials found a compatible payment resolution method: Vault Compatibility Layer (v1.7.3-b131)!
[17:04:35] [Craft Scheduler Thread - 5 - ViaVersion/INFO]: [ViaVersion] Finished mapping loading, shutting down loader executor.
[17:04:35] [Craft Scheduler Thread - 5 - Vault/INFO]: [Vault] Checking for Updates ... 
[17:04:35] [Craft Scheduler Thread - 8 - AnimatedScoreboard/INFO]: [AnimatedScoreboard] Checking for an update!
[17:04:35] [Server thread/INFO]: [PlaceholderAPI] Successfully registered external expansion: player [2.0.8]
[17:04:35] [Server thread/INFO]: [PlaceholderAPI] Successfully registered external expansion: server [2.7.3]
[17:04:35] [Server thread/INFO]: 2 placeholder hook(s) registered!
[17:04:35] [Server thread/INFO]: Done (64.306s)! For help, type "help"
[17:04:35] [Server thread/INFO]: Timings Reset
[17:04:35] [Craft Scheduler Thread - 6 - Essentials/INFO]: [Essentials] Fetching version information...
[17:04:35] [Craft Scheduler Thread - 5 - Vault/INFO]: [Vault] No new version available
[17:04:36] [Craft Scheduler Thread - 8 - AnimatedScoreboard/INFO]: [AnimatedScoreboard] No new versions found for the plugin!
[17:04:36] [Craft Scheduler Thread - 6 - Essentials/WARN]: [Essentials] You're 2 EssentialsX dev build(s) out of date!
[17:04:36] [Craft Scheduler Thread - 6 - Essentials/WARN]: [Essentials] Download it here: https://essentialsx.net/downloads.html
[17:04:38] [User Authenticator #0/INFO]: UUID of player AlanELol is a1705dca-5b47-38a3-a1bc-26b03cbc7042
[17:04:40] [Server thread/INFO]: AlanELol joined the game
[17:04:41] [Server thread/INFO]: AlanELol[/127.59.112.3:52543] logged in with entity id 3 at ([world]215.27602417183203, 77.0, -610.2108552109202)
[17:05:51] [Server thread/INFO]: AlanELol issued server command: /asb reload
[17:06:08] [Server thread/INFO]: AlanELol issued server command: /asb reload
[17:06:57] [Server thread/INFO]: AlanELol issued server command: /asb reload
[17:07:31] [Async Chat Thread - #0/INFO]: [Not Secure] Ⓤ Ⓗ Ⓜ Ⓐ Ⓓ Ⓦ Ⓞ Ⓟ AlanELol: ads
[17:08:01] [Server thread/INFO]: AlanELol issued server command: /lp user AlanELol meta setprefix 1000 ""
[17:08:01] [luckperms-command-executor/INFO]: [LP] LOG > (AlanELol) [U] (alanelol)
[17:08:01] [luckperms-command-executor/INFO]: [LP] LOG > meta setprefix 1000 
[17:08:02] [Async Chat Thread - #0/INFO]: [Not Secure] AlanELol: asdad
[17:08:20] [Server thread/INFO]: AlanELol issued server command: /asb reload
[17:09:10] [Server thread/INFO]: AlanELol issued server command: /asb reload
[17:09:30] [Server thread/INFO]: AlanELol issued server command: /papi ecloud download LuckPerms
[17:09:30] [placeholderapi-io-#1/INFO]: [PlaceholderAPI] Fetching available expansion information...
[17:09:32] [Server thread/INFO]: AlanELol issued server command: /papi reload
[17:09:32] [Server thread/INFO]: [PlaceholderAPI] Placeholder expansion registration initializing...
[17:09:32] [Server thread/INFO]: [PlaceholderAPI] Fetching available expansion information...
[17:09:32] [Server thread/INFO]: [PlaceholderAPI] Successfully registered external expansion: luckperms [5.4-R2]
[17:09:32] [Server thread/INFO]: [PlaceholderAPI] Successfully registered external expansion: player [2.0.8]
[17:09:32] [Server thread/INFO]: [PlaceholderAPI] Successfully registered external expansion: server [2.7.3]
[17:10:01] [Server thread/INFO]: AlanELol issued server command: /papi reload
[17:10:01] [Server thread/INFO]: [PlaceholderAPI] Placeholder expansion registration initializing...
[17:10:01] [Server thread/INFO]: [PlaceholderAPI] Fetching available expansion information...
[17:10:01] [Server thread/INFO]: [PlaceholderAPI] Successfully registered external expansion: luckperms [5.4-R2]
[17:10:01] [Server thread/INFO]: [PlaceholderAPI] Successfully registered external expansion: player [2.0.8]
[17:10:01] [Server thread/INFO]: [PlaceholderAPI] Successfully registered external expansion: server [2.7.3]
[17:10:24] [Server thread/INFO]: AlanELol issued server command: /papi rleoad
[17:10:27] [Server thread/INFO]: AlanELol issued server command: /papi reload
[17:10:27] [Server thread/INFO]: [PlaceholderAPI] Placeholder expansion registration initializing...
[17:10:27] [Server thread/INFO]: [PlaceholderAPI] Fetching available expansion information...
[17:10:27] [Server thread/INFO]: [PlaceholderAPI] Successfully registered external expansion: luckperms [5.4-R2]
[17:10:27] [Server thread/INFO]: [PlaceholderAPI] Successfully registered external expansion: player [2.0.8]
[17:10:27] [Server thread/INFO]: [PlaceholderAPI] Successfully registered external expansion: server [2.7.3]
[17:11:09] [Server thread/INFO]: AlanELol issued server command: /papi ecload download LuckPerms
[17:11:14] [Server thread/INFO]: AlanELol issued server command: /papi ecloud download LuckPerms
[17:11:14] [placeholderapi-io-#3/INFO]: [PlaceholderAPI] Fetching available expansion information...
[17:11:16] [Server thread/INFO]: AlanELol issued server command: /papi reload
[17:11:16] [Server thread/INFO]: [PlaceholderAPI] Placeholder expansion registration initializing...
[17:11:16] [Server thread/INFO]: [PlaceholderAPI] Fetching available expansion information...
[17:11:16] [Server thread/INFO]: [PlaceholderAPI] Successfully registered external expansion: luckperms [5.4-R2]
[17:11:16] [Server thread/INFO]: [PlaceholderAPI] Successfully registered external expansion: player [2.0.8]
[17:11:16] [Server thread/INFO]: [PlaceholderAPI] Successfully registered external expansion: server [2.7.3]
[17:11:38] [Server thread/INFO]: AlanELol issued server command: /asb reload
[17:12:38] [Server thread/INFO]: AlanELol issued server command: /lp user AlanELol meta setprefix 1000 "Ⓓ"
[17:12:38] [luckperms-command-executor/INFO]: [LP] LOG > (AlanELol) [U] (alanelol)
[17:12:38] [luckperms-command-executor/INFO]: [LP] LOG > meta setprefix 1000 Ⓓ
